[   0.00000 Itializnggroup subss puet
[   00000] itializing cgroup subsycp
[   000000] Inialzingcgro subs cuacct[   0.000000] Linu vrson.40-137-generic (buildd@lgw01-amd-07) (gc rsion5.0 2006 (Ubun 54.0-ubuntu1~16.04.10) ) #63-Ubuntu SMP Mon Sep 213:14:43 UTC 2018 (Ubuntu 4.4.0-137.163-generic 4.4.144)
[    0.000000] Command line: BOOT_IMAGE=/boot/vmlinuz-4.4.0-1-gner rot=LABEL=cloudimgrofs ro console=tyconso=tyS0
[    0.000000] KERNEL supoed cpus:
[    0.000000]   Inte GenuiInel    0.000000]   AMD AuthenticAMD
[    0.000000] Centa CntaurHls
[    0.0000] 86pu: xsat_ofst[:  576 xate_sze2]:  256
[    0.000000] x86/fpu Suppotig SAVfeture 001 '87floangpoint egstrs'[    0.0000] 86/fpu Spoting AV featur0x2: 'SE giters'[    00000] x86/fu:upporinXSAVE eare  x04: 'A registrs
[   0.000000 x6/fpu: Enabled xstate features 0x7, context size is 832 bytes, using 'standard' format.
[    0.000000] e820: BIOS-provided physical RAM map:
[    0.000000] BIOS-e820: [mem 0x0000000000000000-0x000000000009fbff] usable
[    0.000000] BIOS-e820: [mem 0x000000000009fc00-0x00000009ffff] reserved
[    0.000000] BIOS-e820: [mem 0x00000000000f0000-0x00000000000fffff] reservd[   0.0000 BS-e820: me0x0000000000100000-0x000003fffff]usble
[   .0000]BIOe80: [mem 0x000000003fff000x00000000ffffff] AI ata
[   00000] OSe820: me0x00000fe00000-0x00000fec00fff] reserved
[    0.000000] BIOS-e820: [mem 0x00000000fee00000-0x00000000fee00fff] reserved
[    0.000000] BIOS-e820: [mem 0x00000000fffc0000-0x00000000ffffffff] reserved
[    0.000000] NX (Execute Disable) protection: active
[    0.000000] SMBIOS 2.present
[    0.000000] Hypervisor detected: KVM
[   0.00000] e820: last_pfn  0xfff0axarch_pfn= 40000000
[    0.0000]TR: Disale
[    0.0000 x/PT: MTRR dable, ippingATinitializion oo.
[    .0000]CPMTRRs all ank - irualiedystem.
[    0.00000 x6/AT: onfiguration [0-7]: W  T UCUC WB  WT  UC-C  
[   0.0000] funSMP MP-ab at [emx000ff-0x009ff] apedt [fff000009fff0]
   0.00000]Scannng ares r low memory corruptin[    0.00000] MDISK[mm 0x3630e000-03717eff]
    000000] ACP: ary ble checkm erificatonisabled
[   0.0000] APIRSDP 0x00000000E00000024(v VBOX )
[  .000000 AI: XSD 0000000FF0030 000C v01 BO  VBOXXDT00000001AS 0000061)
[   0.000] API FACP0x0000003FFF00F0 0000F4 (v04BO  VBOXFACP 00000001 ASL  000000)
[  0000000] ACPI: DSDT 0x000000003FFF0470 0021FF (v02 VBOX   VBOXBIOS 00000002 INTL 20100528)
[    0.000000] PI FACS 0x000000003FFF0200 000040
[    0.000000] ACPI: FACS 0x000000003FFF0200 000040
[    0.000000 AI: API0x00003FFF02400005Cv0 VBOX  OXAPIC 00001 A  0000061)
[    0.000000] ACPI: SSDT 0x000000003FFF02A0 0001CC (v01 VBOX   VBOXCPUT 00000002 INTL 20100528)
[    0.000000] NoUM configuration found
[    0.000000] Faking a noe  [memx000000000000-x00000fefff]
    0.00000] NODE_DAA() llated [memx3feb000-x3fefff]
[  0.00000] m-cloc: sig srs 56d01 a 4564d
    00000]kvclck: cpu 0 mr :3e301, primary cpu clock
[    0.000000] kvm-clock: using sched offset of 3388095018 cycles
[    0.000000] clocksource: kvm-clock: mask: 0xffffffffffffffff max_cycles: 0x1cd42e4dffb, max_idle_ns: 881590591483 ns
[    0.000000] Zone ranges:
[    0.000000] DM      [mem 0x000000000100-x000000000ffff]
[    0.0000]  A32   mem 0000000001000-0x000003ffefff]
[   000000]   Nrm   ept
[    0.00000] Device   pt
[   0.0000] Mvae zonestt fo each node
[    0.000000] Earlymeory odranges
[  0.000000]   node   0: [mem 0x0000000000001000-0x000000000009efff]
[    0.000000]   node  : [mem 0x0000000000-x0000003ffeffff]
[  0.000] nitmem etup node 0 [mem 0x0000000000100-x000000ffffff]
   0.00000ACPI: PM-Timr IO Port: 0x4008
[    0.000000] IOAPIC[0]: apic_d 2, vrson32,adess 0ec0000 GSI-2

[    0.00000] PI: INSR_OVR bu0 bus_rq globalir 2dfl dfl
[    0.000] AC: INT_SRCOVR(bus 0 s_rq 9 lol_irq9 w level)[   0.000000] Usig ACPI (MADT) fr MP confurtion infmation
[  000000]mpoot:Alowng 2 PU 0 htpg CPs[    0.000] M: Reisred nosavemeor: em 0x0000000-0x00000fff]
[    0.000000] PM: Registered nosave memory: [mem 0x0009f000-0x0009ffff]
[    0.000000] PM: Registered nosave memory: [mem x000a0000-0x000fff]
[  0000000] M:Regiteed nosave emy: [mem 0x000000-0x000fff
[    00000] 82 [em 0x40000-0xebfff]avlable f PI deic
[    0.000] Boin pariralize krnl onKVM
[  0000000] clocksource: refid-jiffie: mak: 0xffffffff x_ycles: 0xffffff, max_ie_s: 7645516011568 ns
  0.000000]seup_peru:NR_CPUS:512 nr_cpumask_bits:512 nr_puds:2nr_node_ids1
[   0.0000] PERPU Ebedded 34 page/cu ffff80fc000 s9608r82 331464 u108576
[    0.000000] PV qspinlock hash table entries: 256 (order: 0, 4096 bytes)
[    0.000000] Built 1 zonelists in Node order, mobility grouping on.  Total pages: 257912
[    0.000000] Policy on DMA32
  0.0000 Kernel cmmand li: OO_IMAG=/oo/vmlinuz-4.4.0-137-generic root=LABEL=cloudimg-rootfs ro console=tty1 console=ttyS0
[    0.00000] PID hash table entries: 496(order: , 768 bte
[   0.0000 Mory: 997716K/4820K available (8555K kerelode, 131K wdta 404rodata, 52K iit 116K bss, 50404K resrvd, 0Kcmreseve
[    0.000000] SLUB: HWalign=64, Order=0-3, MinObjects=0, CPUs=2, Nodes=1
[    0.000000] Kernel/User page tables isolation: enabled
[    0.000000] Hierarchical RCU implementation.
[    0.000000] 	Build-time adjustment of lea fout o 4.
[    .00000	RCU restricting CPUs from NRCPUS=12 to nr_pu_ids=2.
[    0.000000] RCU: Adjusting geometry for rcu_fanout_leaf=64, nr_cpu_ids=2
[    0.000000] NR_IRQS:33024 nr_irqs:440 16
[    0.000000] Console: colour VGA+ 80x25
[    0.000000] console [tty1] enabled
[    0.000000] console [ty0]naled
   0000000] tsc: Detected 1799.999 MHz processor
[   16.926298] Calibrating delay loop (skipped) preset value.. 3599.99 BogoMIPS (lpj=7199996)
[   17.025156] pid_max: default: 32768 minimum: 301
[   17.052272] ACPI: Core revision 20150930
[   17.069634] ACPI: 2 ACPI AML tables successfully acquired and loaded
[   17.166174] Security Framework initialized
[   17.224049] Yama: becoming mindful.
[   17.267310] AppArmor: AppArmor initialized
[   17.320886] Dentry cache hash table entries: 131072 (order: 8, 1048576 bytes)
[   17.395414] Inode-cache hash table entries: 65536 (order: 7, 524288 bytes)
[   17.478443] Mount-cache hash table entries: 2048 (order: 2, 16384 bytes)
[   17.560885] Mountpoint-cache hash table entries: 2048 (order: 2, 16384 bytes)
[   17.660886] Initializing cgroup subsys io
[   17.722491] Initializing cgroup subsys memory
[   17.766288] Initializing cgroup subsys devices
[   17.768045] Initializing cgroup subsys freezer
[   17.788632] Initializing cgroup subsys net_cls
[   17.803757] Initializing cgroup subsys perf_event
[   17.868922] Initializing cgroup subsys net_prio
[   17.870127] Initializing cgroup subsys hugetlb
[   17.871340] Initializing cgroup subsys pids
[   17.901641] mce: CPU supports 0 MCE banks
[   17.946342] Last level iTLB entries: 4KB 64, 2MB 8, 4MB 8
[   18.020055] Last level dTLB entries: 4KB 64, 2MB 0, 4MB 0, 1GB 4
[   18.072329] Spectre V2 : Mitigation: Full generic retpoline
[   18.073738] Spectre V2 : Spectre v2 mitigation: Speculation control IBPB not-supported IBRS not-supported
[   18.075996] Spectre V2 : Spectre v2 / SpectreRSB mitigation: Filling RSB on context switch
[   18.184856] Speculative Store Bypass: Vulnerable
[   18.242524] Freeing SMP alternatives memory: 32K
[   18.325071] ftrace: allocating 32265 entries in 127 pages
[   18.461161] smpboot: APIC(0) Converting physical 0 to logical package 0
[   18.567150] smpboot: Max logical packages: 1
[   18.636710] x2apic enabled
[   18.677864] Switched APIC routing to physical x2apic.
[   18.694558] ..TIMER: vector=0x30 apic1=0 pin1=2 apic2=-1 pin2=-1
[   18.884248] smpboot: CPU0: Intel(R) Core(TM) i5-5350U CPU @ 1.80GHz (family: 0x6, model: 0x3d, stepping: 0x4)
[   18.985052] Performance Events: unsupported p6 CPU model 61 no PMU driver, software events only.
[   18.990899] KVM setup paravirtual spinlock
[   19.013963] x86: Booting SMP configuration:
[   19.016930] .... node  #0, CPUs:      #1
[   19.020690] kvm-clock: cpu 1, msr 0:3ffe3041, secondary cpu clock
[   19.035758] mce: CPU supports 0 MCE banks
[   19.044785] x86: Booted up 1 node, 2 CPUs
[   19.067476] smpboot: Total of 2 processors activated (7199.99 BogoMIPS)
[   19.140798] devtmpfs: initialized
[   19.175545] evm: security.selinux
[   19.199637] evm: security.SMACK64
[   19.215312] evm: security.SMACK64EXEC
[   19.242241] evm: security.SMACK64TRANSMUTE
[   19.271146] evm: security.SMACK64MMAP
[   19.285117] evm: security.ima
[   19.304651] evm: security.capability
[   19.333507] clocksource: jiffies: mask: 0xffffffff max_cycles: 0xffffffff, max_idle_ns: 7645041785100000 ns
[   19.410574] futex hash table entries: 512 (order: 3, 32768 bytes)
[   19.462374] pinctrl core: initialized pinctrl subsystem
[   19.506931] RTC time: 15:56:18, date: 10/31/18
[   19.535778] NET: Registered protocol family 16
[   19.600840] cpuidle: using governor ladder
[   19.612676] cpuidle: using governor menu
[   19.616308] PCCT header not found.
[   19.617641] ACPI: bus type PCI registered
[   19.649974] acpiphp: ACPI Hot Plug PCI Controller Driver version: 0.5
[   19.710489] PCI: Using configuration type 1 for base access
[   19.766331] ACPI: Added _OSI(Module Device)
[   19.803513] ACPI: Added _OSI(Processor Device)
[   19.839802] ACPI: Added _OSI(3.0 _SCP Extensions)
[   19.875847] ACPI: Added _OSI(Processor Aggregator Device)
[   19.927217] ACPI: Executed 1 blocks of module-level executable AML code
[   20.002168] ACPI: Interpreter enabled
[   20.009189] ACPI: (supports S0 S5)
[   20.021103] ACPI: Using IOAPIC for interrupt routing
[   20.031886] PCI: Using host bridge windows from ACPI; if necessary, use "pci=nocrs" and report a bug
[   20.114824] ACPI: PCI Root Bridge [PCI0] (domain 0000 [bus 00-ff])
[   20.158568] acpi PNP0A03:00: _OSC: OS supports [ASPM ClockPM Segments MSI]
[   20.212574] acpi PNP0A03:00: _OSC: not requesting OS control; OS requires [ExtendedConfig ASPM ClockPM MSI]
[   20.268251] acpi PNP0A03:00: fail to add MMCONFIG information, can't access extended PCI configuration space under this bridge.
[   20.334333] PCI host bridge to bus 0000:00
[   20.371628] pci_bus 0000:00: root bus resource [io  0x0000-0x0cf7 window]
[   20.421012] pci_bus 0000:00: root bus resource [io  0x0d00-0xffff window]
[   20.471689] pci_bus 0000:00: root bus resource [mem 0x000a0000-0x000bffff window]
[   20.517304] pci_bus 0000:00: root bus resource [mem 0x40000000-0xfdffffff window]
[   20.573534] pci_bus 0000:00: root bus resource [bus 00-ff]
[   20.604438] pci 0000:00:01.1: legacy IDE quirk: reg 0x10: [io  0x01f0-0x01f7]
[   20.670419] pci 0000:00:01.1: legacy IDE quirk: reg 0x14: [io  0x03f6]
[   20.723284] pci 0000:00:01.1: legacy IDE quirk: reg 0x18: [io  0x0170-0x0177]
[   20.746386] pci 0000:00:01.1: legacy IDE quirk: reg 0x1c: [io  0x0376]
[   20.837430] pci 0000:00:07.0: quirk: [io  0x4000-0x403f] claimed by PIIX4 ACPI
[   20.901336] pci 0000:00:07.0: quirk: [io  0x4100-0x410f] claimed by PIIX4 SMB
[   20.962178] ACPI: PCI Interrupt Link [LNKA] (IRQs 5 9 10 *11)
[   21.000951] ACPI: PCI Interrupt Link [LNKB] (IRQs 5 9 *10 11)
[   21.047064] ACPI: PCI Interrupt Link [LNKC] (IRQs 5 *9 10 11)
[   21.094462] ACPI: PCI Interrupt Link [LNKD] (IRQs 5 9 10 *11)
[   21.122875] ACPI: Enabled 2 GPEs in block 00 to 07
[   21.124675] vgaarb: setting as boot device: PCI:0000:00:02.0
[   21.142613] vgaarb: device added: PCI:0000:00:02.0,decodes=io+mem,owns=io+mem,locks=none
[   21.195067] vgaarb: loaded
[   21.216995] vgaarb: bridge control possible 0000:00:02.0
[   21.264027] SCSI subsystem initialized
[   21.305260] ACPI: bus type USB registered
[   21.342773] usbcore: registered new interface driver usbfs
[   21.401438] usbcore: registered new interface driver hub
[   21.458788] usbcore: registered new device driver usb
[   21.509798] PCI: Using ACPI for IRQ routing
[   21.551404] NetLabel: Initializing
[   21.552405] NetLabel:  domain hash size = 128
[   21.553800] NetLabel:  protocols = UNLABELED CIPSOv4
[   21.593481] NetLabel:  unlabeled traffic allowed by default
[   21.644531] amd_nb: Cannot enumerate AMD northbridges
[   21.654066] clocksource: Switched to clocksource kvm-clock
[   1.37] pAorAprm Fesst Enale
   22.287480] pnp: PnP ACPI init
[ 223125pn: PnP ACI:found dic
[   22.757162] clocksource: acpi_pm: mask: 0xffffff max_cycles: 0xffffff, max_idle_ns: 2085701024 ns
[   22.860265] NET: Registered protocol family 2
[   22.912425] TCP established hash table entries: 8192 (order: 4, 65536 bytes)
[   23.076449] TCP bind hash table entries: 8192 (order: 5, 131072 bytes)
[   23.210453] TCP: Hash tables configured (established 8192 bind 8192)
[   23.321306] UDP hash table entries: 512 (order: 2, 16384 bytes)
[   23.337798] UDP-Lite hash table entries: 512 (order: 2, 16384 bytes)
[   23.339466] NET: Registered protocol family 1
[   23.340671] pci 0000:00:00.0: Limiting direct PCI/PCI transfers
[   23.344919] pci 0000:00:01.0: Activating ISA DMA hang workarounds
[   23.349993] Unpacking initramfs...
[   23.631943] Freeing initrd memory: 14788K
[   23.678134] RAPL PMU detected, API unit is 2^-32 Joules, 4 fixed counters 10737418240 ms ovfl timer
[   23.845344] hw unit of domain pp0-core 2^-0 Joules
[   23.886940] hw unit of domain package 2^-0 Joules
[   23.962890] hw unit of domain dram 2^-0 Joules
[   23.994867] hw unit of domain pp1-gpu 2^-0 Joules
[   23.996141] platform rtc_cmos: registered platform RTC device (no PNP device found)
[   23.998071] Scanning for low memory corruption every 60 seconds
[   24.028055] audit: initializing netlink subsys (disabled)
[   24.086583] audit: type=2000 audit(1541001367.198:1): initialized
[   24.162505] Initialise system trusted keyring
[   24.226760] HugeTLB registered 2 MB page size, pre-allocated 0 pages
[   24.249113] zbud: loaded
[   24.250366] VFS: Disk quotas dquot_6.6.0
[   24.260048] VFS: Dquot-cache hash table entries: 512 (order 0, 4096 bytes)
[   24.264285] squashfs: version 4.0 (2009/01/31) Phillip Lougher
[   24.306924] fuse init (API version 7.23)
[   24.308073] Key type big_key registered
[   24.337167] Allocating IMA MOK and blacklist keyrings.
[   24.340982] Key type asymmetric registered
[   24.374211] Asymmetric key parser 'x509' registered
[   24.375505] Block layer SCSI generic (bsg) driver version 0.4 loaded (major 249)
[   24.427984] io scheduler noop registered
[   24.429613] io scheduler deadline registered (default)
[   24.441380] io scheduler cfq registered
[   24.450590] pci_hotplug: PCI Hot Plug PCI Core version: 0.5
[   24.452012] pciehp: PCI Express Hot Plug Controller Driver version: 0.4
[   24.454387] ACPI: AC Adapter [AC] (on-line)
[   24.463723] input: Power Button as /devices/LNXSYSTM:00/LNXPWRBN:00/input/input0
[   24.473717] ACPI: Power Button [PWRF]
[   24.480044] input: Sleep Button as /devices/LNXSYSTM:00/LNXSLPBN:00/input/input1
[   24.495358] ACPI: Sleep Button [SLPF]
[   24.502788] GHES: HEST is not enabled!
[   24.504106] ACPI: Battery Slot [BAT0] (battery present)
[   24.524189] Serial: 8250/16550 driver, 32 ports, IRQ sharing enabled
[   24.553981] 00:02: ttyS0 at I/O 0x3f8 (irq = 4, base_baud = 115200) is a 16550A
[   24.563996] Linux agpgart interface v0.103
[   24.569269] loop: module loaded
[   24.572352] scsi host0: ata_piix
[   24.655577] scsi host1: ata_piix
[   24.699505] ata1: PATA max UDMA/33 cmd 0x1f0 ctl 0x3f6 bmdma 0xd000 irq 14
[   24.806497] ata2: PATA max UDMA/33 cmd 0x170 ctl 0x376 bmdma 0xd008 irq 15
[   24.929162] libphy: Fixed MDIO Bus: probed
[   25.002869] tsc: Refined TSC clocksource calibration: 1800.816 MHz
[   25.106722] clocksource: tsc: mask: 0xffffffffffffffff max_cycles: 0x19f52c7ea9a, max_idle_ns: 440795271092 ns
[   25.106785] tun: Universal TUN/TAP device driver, 1.6
[   25.106786] tun: (C) 1999-2004 Max Krasnyansky <maxk@qualcomm.com>
[   25.223287] PPP generic driver version 2.4.2
[   25.223378] ehci_hcd: USB 2.0 'Enhanced' Host Controller (EHCI) Driver
[   25.223384] ehci-pci: EHCI PCI platform driver
[   25.223407] ehci-platform: EHCI generic platform driver
[   25.223420] ohci_hcd: USB 1.1 'Open' Host Controller (OHCI) Driver
[   25.223425] ohci-pci: OHCI PCI platform driver
[   25.223436] ohci-platform: OHCI generic platform driver
[   25.223447] uhci_hcd: USB Universal Host Controller Interface driver
[   25.223527] i8042: PNP: PS/2 Controller [PNP0303:PS2K,PNP0f03:PS2M] at 0x60,0x64 irq 1,12
[   25.224123] serio: i8042 KBD port at 0x60,0x64 irq 1
[   25.224129] serio: i8042 AUX port at 0x60,0x64 irq 12
[   25.224269] mousedev: PS/2 mouse device common for all mice
[   25.224578] input: AT Translated Set 2 keyboard as /devices/platform/i8042/serio0/input/input2
[   25.224946] rtc_cmos rtc_cmos: rtc core: registered rtc_cmos as rtc0
[   25.225003] rtc_cmos rtc_cmos: alarms up to one day, 114 bytes nvram
[   25.225010] i2c /dev entries driver
[   25.225065] device-mapper: uevent: version 1.0.3
[   25.225123] device-mapper: ioctl: 4.34.0-ioctl (2015-10-28) initialised: dm-devel@redhat.com
[   25.225145] ledtrig-cpu: registered to indicate activity on CPUs
[   25.225442] NET: Registered protocol family 10
[   25.225596] NET: Registered protocol family 17
[   25.225608] Key type dns_resolver registered
[   25.225896] registered taskstats version 1
[   25.225909] Loading compiled-in X.509 certificates
[   25.226587] Loaded X.509 cert 'Build time autogenerated kernel key: 20acc96b50ca7641011eace69d32209215a9b56f'
[   25.226609] zswap: loaded using pool lzo/zbud
[   25.228552] Key type trusted registered
[   25.231107] Key type encrypted registered
[   25.231114] AppArmor: AppArmor sha1 policy hashing enabled
[   25.231117] ima: No TPM chip found, activating TPM-bypass!
[   25.231121] ima: Allocated hash algorithm: sha1
[   25.231134] evm: HMAC attrs: 0x1
[   25.231387]   Magic number: 6:836:943
[   25.231409] tty tty0: hash matches
[   25.231411] tty console: hash matches
[   25.237350] rtc_cmos rtc_cmos: setting system clock to 2018-10-31 15:56:24 UTC (1541001384)
[   25.237444] BIOS EDD facility v0.16 2004-Jun-25, 0 devices found
[   25.237445] EDD information not available.
[   26.900901] Freeing unused kernel memory: 1528K
[   27.876952] Write protecting the kernel read-only data: 14336k
[   27.963608] Freeing unused kernel memory: 1672K
[   28.034918] Freeing unused kernel memory: 92K
Loading, please wait...
starting version[   28.103399] random: systemd-udevd: uninitialized urandom read (16 bytes read, 9 bits of entropy available)
 229
[   28.103975] random: udevadm: uninitialized urandom read (16 bytes read, 9 bits of entropy available)
[   28.104000] random: udevadm: uninitialized urandom read (16 bytes read, 9 bits of entropy available)
[   28.112652] random: udevadm: uninitialized urandom read (16 bytes read, 9 bits of entropy available)
[   28.112701] random: udevadm: uninitialized urandom read (16 bytes read, 9 bits of entropy available)
[   28.112846] random: udevadm: uninitialized urandom read (16 bytes read, 9 bits of entropy available)
[   28.112897] random: udevadm: uninitialized urandom read (16 bytes read, 9 bits of entropy available)
[   28.112946] random: udevadm: uninitialized urandom read (16 bytes read, 9 bits of entropy available)
[   28.111996] random: udevadm: uninitialized urandom read (16 bytes read, 9 bits of entropy available)
[   28.113043] random: udevadm: uninitialized urandom read (16 bytes read, 9 bits of entropy available)
[   28.776464] Fusion MPT base driver 3.04.20
[   28.815658] Copyright (c) 1999-2008 LSI Corporation
[   28.821475] e1000: Intel(R) PRO/1000 Network Driver - version 7.3.21-k8-NAPI
[   28.839679] e1000: Copyright (c) 1999-2006 Intel Corporation.
[   28.875745] AVX2 version of gcm_enc/dec engaged.
[   28.891307] AES CTR mode by8 optimization enabled
[   28.905818] Fusion MPT SPI Host driver 3.04.20
[   29.078985] input: ImExPS/2 Generic Explorer Mouse as /devices/platform/i8042/serio1/input/input4
[   29.260104] e1000 0000:00:03.0 eth0: (PCI:33MHz:32-bit) 02:28:89:27:00:51
[   29.324064] e1000 0000:00:03.0 eth0: Intel(R) PRO/1000 Network Connection
[   29.413571] e1000 0000:00:03.0 enp0s3: renamed from eth0
[   29.414209] mptbase: ioc0: Initiating bringup
[   29.562588] ioc0: LSI53C1030 A0: Capabilities={Initiator}
[   29.859465] scsi host2: ioc0: LSI53C1030 A0, FwRev=00000000h, Ports=1, MaxQ=256, IRQ=20
[   30.107405] scsi 2:0:0:0: Direct-Access     VBOX     HARDDISK         1.0  PQ: 0 ANSI: 5
[   31.031265] scsi target2:0:0: Beginning Domain Validation
[   31.104480] scsi target2:0:0: Domain Validation skipping write tests
[   31.148620] scsi target2:0:0: Ending Domain Validation
[   31.212690] scsi target2:0:0: asynchronous
[   31.263598] scsi 2:0:1:0: Direct-Access     VBOX     HARDDISK         1.0  PQ: 0 ANSI: 5
[   32.043214] scsi target2:0:1: Beginning Domain Validation
[   32.046197] scsi target2:0:1: Domain Validation skipping write tests
[   32.118672] scsi target2:0:1: Ending Domain Validation
[   32.171950] scsi target2:0:1: asynchronous
[   32.915358] sd 2:0:0:0: Attached scsi generic sg0 type 0
[   32.968449] sd 2:0:0:0: [sda] 20971522 512-byte logical blocks: (10.7 GB/10.0 GiB)
[   33.023938] sd 2:0:1:0: Attached scsi generic sg1 type 0
[   33.028068] sd 2:0:1:0: [sdb] 20480 512-byte logical blocks: (10.5  B/10.0 MiB)
[   33.028307] sd 2:0:0:0: [sda] Write Protect is off
[   33.028571] sd 2:0:0:0: [sda] Incomplete mode parameter data
[   33.028573] sd 2:0:0:0: [sda] Assuming drive cache: write through
[   33.030554]  sda: sda1
[   33.031374] sd 2:0:0:0: [sda] Attached SCSI disk
[   33.352405] sd 2:0:1:0: [sdb] Write Protect is off
[   33.404795] sd 2:0:1:0: [sdb] Incomplete mode parameter data
[   33.455860] sd 2:0:1:0: [sdb] Assuming drive cache: write through
[   33.539405] sd 2:0:1:0: [sdb] Attached SCSI disk
Begin: Loading essential drivers[   34.960698] md: linear personality registered for level -1
 ... [   35.040628] md: multipath personality registered for level -4
[   35.113778] md: raid0 personality registered for level 0
[   35.163467] md: raid1 personality registered for level 1
[   35.298142] raid6: sse2x1   gen()  8337 MB/s
[   35.442076] raid6: sse2x1   xor()  6403 MB/s
[   35.554331] raid6: sse2x2   gen() 10530 MB/s
[   35.642169] raid6: sse2x2   xor()  4435 MB/s
[   35.736028] raid6: sse2x4   gen() 12435 MB/s
[   35.858608] raid6: sse2x4   xor()  8967 MB/s
[   36.072606] raid6: avx2x1   gen() 16962 MB/s
[   36.214094] raid6: avx2x2   gen() 19437 MB/s
[   36.346266] raid6: avx2x4   gen() 22711 MB/s
[   36.414249] raid6: using algorithm avx2x4 gen() 22711 MB/s
[   36.479211] raid6: using avx2x2 recovery algorithm
[   36.500801] xor: automatically using best checksumming function:
[   36.574307]    avx       : 26807.000 MB/sec
[   36.638252] async_tx: api initialized (async)
[   36.647751] md: raid6 personality registered for level 6
[   36.663612] md: raid5 personality registered for level 5
[   36.664970] md: raid4 personality registered for level 4
[   36.674373] md: raid10 personality registered for level 10
done.
Begin: Running /scripts/init-premount ... done.
Begin: Mounting[   36.746917] Btrfs loaded
 root file system ... Begin: Running /scripts/local-top ... done.
Begin: Running /scripts/local-premount ... Scanning for Btrfs filesystems
done.
Warning: fsck nottpresent, so sk[   36.840082] EXT4-fs (sda1): mounted filesystem with ordered data mode. Opts: (null)
ipping root file system
done.
Begin: Running /scripts/local-bottom ... done.
Begin: Running /scripts/init-bottom ... done.
[   37.021760] systemd[1]: systemd 229 running in system mode. (+PAM +AUDIT +SELINUX +IMA +APPARMOR +SMACK +SYSVINIT +UTMP +LIBCRYPTSETUP +GCRYPT +GNUTLS +ACL +XZ -LZ4 +SECCOMP +BLKID +ELFUTILS +KMOD -IDN)
[   37.329769] systemd[1]: Detected virtualization oracle.
[   37.422994] systemd[1]: Detected architecture x86-64.

Welcome to [1mUbuntu 16.04.5 LTS[0m!

[   37.552573] systemd[1]: Set hostname to <ubuntu>.
[   37.676966] systemd[1]: Initializing machine ID from random generator.
[   37.803125] systemd[1]: Installed transient /etc/machine-id file.
[   38.015052] random: nonblocking pool is initialized
[   38.077324] systemd[1]: Set up automount Arbitrary Executable File Formats File System Automount Point.
[[0;32m  OK  [0m] Set up automount Arbitrary Executab...ats File System Automount Point.
[   38.238770] systemd[1]: Listening on /dev/initctl Compatibility Named Pipe.
[[0;32m  OK  [0m] Listening on /dev/initctl Compatibility Named Pipe.
[   38.447122] systemd[1]: Reached target System Time Synchronized.
[[0;32m  OK  [0m] Reached target System Time Synchronized.
[   38.595391] systemd[1]: Started Forward Password Requests to Wall Directory Watch.
[[0;32m  OK  [0m] Started Forward Password Requests to Wall Directory Watch.
[   38.767268] systemd[1]: Listening on udev Kernel Socket.
[[0;32m  OK  [0m] Listening on udev Kernel Socket.
[   38.891596] systemd[1]: Listening on Syslog Socket.
[[0;32m  OK  [0m] Listening on Syslog Socket.
[   38.910688] systemd[1]: Listening on LVM2 poll daemon socket.
[[0;32m  OK  [0m] Listening on LVM2 poll daemon socket.
[   38.946741] systemd[1]: Listening on Journal Audit Socket.
[[0;32m  OK  [0m] Listening on Journal Audit Socket.
[   38.974391] systemd[1]: Reached target Swap.
[[0;32m  OK  [0m] Reached target Swap.
[   39.018752] systemd[1]: Reached target Encrypted Volumes.
[[0;32m  OK  [0m] Reached target Encrypted Volumes.
[   39.131565] systemd[1]: Reached target User and Group Name Lookups.
[[0;32m  OK  [0m] Reached target User and Group Name Lookups.
[   39.322608] systemd[1]: Listening on LVM2 metadata daemon socket.
[[0;32m  OK  [0m] Listening on LVM2 metadata daemon socket.
[   39.479652] systemd[1]: Listening on Journal Socket.
[[0;32m  OK  [0m] Listening on Journal Socket.
[   39.566557] systemd[1]: Listening on Journal Socket (/dev/log).
[[0;32m  OK  [0m] Listening on Journal Socket ((dev/log).
[   39.743111] systemd[1]: Created slice User and Session Slice.
[[0;32m  OK  [0m] Created slice User and Session Slice.
[   39.939053] systemd[1]: Created slice System Slice.
[[0;32m  OK  [0m] Created slice System Slice.
[   40.014860] systemd[1]: Starting Set console keymap...
         Starting Set console keymap...
[   40.074888] systemd[1]: Starting Remount Root and Kernel File Systems...
         Startin[   40.202143] EXT4-fs (sda1): re-mounted. Opts: (null)
g Remount Root and Kernel File Systems...
[   40.258395] systemd[1]: Mounting POSIX Message Queue File System...
         Mounting POSIX Message Queue File System...
[   40.358756] systemd[1]: Starting Load Kernel Modules...
         Startin[   40.371433] Loading iSCSI transport class v2.0-870.
g Load Kernel Modules...
[   40.470327] systemd[1]: Starting Create list of required static device nodes for the current kernel...
[   40.660990] iscsi: registered transport (tcp)
         Starting Create list of required st... nodes for the current kernel...[   40.747799] iscsi: registered transport (iser)

[   40.891175] systemd[1]: Mounting Huge Pages File System...
         Mounting Huge Pages File System...
[   41.034780] systemd[1]: Starting Uncomplicated firewall...
         Starting Uncomplicated firewall...
[   41.139486] systemd[1]: Starting Nameserver information manager...
         Starting Nameserver information manager...
[   41.179310] systemd[1]: Created slice system-serial\x2dgetty.slice.
[[0;32m  OK  [0m] Created slice system-serial\x2dgetty.slice.
[   41.220174] systemd[1]: Listening on udev Control Socket.
[[0;32m  OK  [0m] Listening on udev Control Socket.
[   41.371272] systemd[1]: Started Trigger resolvconf update for networkd DNS.
[[0;32m  OK  [0m] Started Trigger resolvconf update for networkd DNS.
[   41.506843] systemd[1]: Starting Journal Service...
         Starting Journal Service...
[   41.550859] systemd[1]: Listening on Device-mapper event daemon FIFOs.
[[0;32m  OK  [0m] Listening on Device-mapper event daemon FIFOs.
[   41.746896] systemd[1]: Starting Monitoring of LVM2 mirrors, snapshots etc. using dmeventd or progress polling...
         Starting Monitoring of LVM2 mirrors... dmeventd or progress polling...
[   41.893407] systemd[1]: Reached target Slices.
[[0;32m  OK  [0m] Reached target Slices.
[   42.011033] systemd[1]: Mounting Debug File System...
         Mounting Debug File System...
[   42.069876] systemd[1]: Mounted Debug File System.
[[0;32m  OK  [0m] Mounted Debug File System.
[   42.216707] systemd[1]: Mounted POSIX Message Queue File System.
[[0;32m  OK  [0m] Mounted POSIX Message Queue File System.
[   42.311800] systemd[1]: Mounted Huge Pages File System.
[[0;32m  OK  [0m] Mounted Huge Pages File System.
[   42.451037] systemd[1]: Started Journal Service.
[[0;32m  OK  [0m] Started Journal Service.
[[0;32m  OK  [0m] Started Set console keymap.
[[0;32m  OK  [0m] Started Remount Root and Kernel File Systems.
[[0;32m  OK  [0m] Started Load Kernel Modules.
[[0;32m  OK  [0m] Started Create list of required sta...ce nodes for the current kernel.
[[0;32m  OK  [0m] Started Uncomplicated firewall.
[[0;32m  OK  [0m] Started Nameserver information manager.
[[0;32m  OK  [0m] Started LVM2 metadata daemon.
         Starting Create Static Device Nodes in /dev...
         Starting Apply Kernel Variables...
         Mounting FUSE Control File System...
         Starting udev Coldplug all Devices...
         Starting Load/Save Random Seed...
         Starting Flush Journal to Persistent Storage...
[[0;32m  OK  [0m] Mounted FUSE Control File System.
[[0;32m  OK  [0m] Started Create Static Device Nodes in /dev.
[[0;32m  OK  [0m] Started Apply Kernel Variables.
[[0;32m  OK  [0m] Started Monitoring of LVM2 mirrors,...ng dmeventd or progress polling.
[[0;32m  OK  [0m] Started Load/Save Random Seed.
[[0;32m  OK  [0m] Started udev Coldplug all Devices.
[[0;32m  OK  [0m] Started Flush Journal to Persistent Storage.
         Starting udev Kernel Device Manager...
[[0;32m  OK  [0m] Started udev Kernel Device Manager.
[[0;32m  OK  [0m] Started Dispatch Password Requests to Console Directory Watch.
[[0;32m  OK  [0m] Reached target Local File Systems (Pre).
[[0;32m  OK  [0m] Reached target Local File Systems.
         Starting Set console font and keymap...
         Starting Tell Plymouth To Write Out Runtime Data...
         Starting LSB: AppArmor initialization...
         Starting Initial cloud-init job (pre-networking)...
         Starting Create Volatile Files and Directories...
         Starting Commit a transient machine-id on disk...
[[0;32m  OK  [0m] Started Tell Plymouth To Write Out Runtime Data.
[[0;32m  OK  [0m] Started Set console font and keymap.
[[0;32m  OK  [0m] Started Create Volatile Files and Directories.
[[0;32m  OK  [0m] Started Commit a transient machine-id on disk.
[[0;32m  OK  [0m] Found device /dev/ttyS0.
[[0;32m  OK  [0m] Listening on Load/Save RF Kill Switch Status /dev/rfkill Watch.
         Starting Update UTMP about System Boot/Shutdown...
[[0;32m  OK  [0m] Created slice system-getty.slice.
[[0;32m  OK  [0m] Started Update UTMP about System Boot/Shutdown.
[[0;32m  OK  [0m] Started LSB: AppArmor initialization.
[   24.824865] cloud-init[601]: Cloud-init v. 18.3-9-g2e62cb8a-0ubuntu1~16.04.2 running 'init-local' at Wed, 31 Oct 2018 15:56:44 +0000. Up 24.31 seconds.
[[0;32m  OK  [0m] Started Initial cloud-init job (pre-networking).
[[0;32m  OK  [0m] Reached target Network (Pre).
         Starting Raise network interfaces...
[[0;32m  OK  [0m] Started Raise network interfaces.
[[0;32m  OK  [0m] Reached target Network.
         Starting Initial cloud-init job (metadata service crawler)...
[   26.445286] cloud-init[918]: Cloud-init v. 18.3-9-g2e62cb8a-0ubuntu1~16.04.2 running 'init' at Wed, 31 Oct 2018 15:56:45 +0000. Up 25.58 seconds.
[   26.513016] [cloud-init[0;32m  OK  [0m[918]: ] ci-info: +++++++++++++++++++++++++++++++++++++Net device info+++++++++++++++++++++++++++++++++++++Started Initial cloud-init job (metadata service crawler).

[   26.513791] cloud-init[918]: ci-info: +--------+------+--------------------------+---------------+--------+-------------------+
[[0;32m  OK  [0m] Reached target Network is Online.
[   26.705022] cloud-init[918]: ci-info: | Device |  Up  |         Address          |      Mask     | Scope  |     Hw-Address    |
[   26.822316]          cloud-initStarting iSCSI initiator daemon (iscsid)...[918]: 
ci-info: +--------+------+--------------------------+---------------+--------+-------------------+
[[0;32m  OK  [0m] Reached target Cloud-config availability.
[[0;32m  OK  [0m] Reached target System Initialization.
[   26.823022] cloud-init[918]: ci-info: | enp0s3 | True |        10.0.2.15         | 255.255.255.0 | global | 02:28:89:27:00:51 |
[   27.149271] [cloud-init[0;32m  OK  [0m[918]: ] ci-info: | enp0s3 | True | fe80::28:89ff:fe27:51/64 |       .       |  link  | 02:28:89:27:00:51 |Started Daily apt download activities.

[   27.150124]          Starting LXD - unix socket.
[[0;32m  OK  [0m] Listening on ACPID Listen Socket.
[[0;32m  OK  [0m] Listening on UUID daemon activation socket.
[[0;32m  OK  [0m] Listening on D-Bus System Message Bus Socket.
         Starting Socket activation for snappy daemon.
[[0;32m  OK  [0m] Started Daily apt upgrade and clean activities.
cloud-init[918]: ci-info: |   lo   | True |        127.0.0.1         |   255.0.0.0   |  host  |         .         |
[   27.648775] [cloud-init[0;32m  OK  [0m[918]: ] ci-info: |   lo   | True |         ::1/128          |       .       |  host  |         .         |Started ACPI Events Check.

[   27.841331] [cloud-init[0;32m  OK  [0m[918]: ] ci-info: +--------+------+--------------------------+---------------+--------+-------------------+Reached target Paths.

[[0;32m  OK  [0m] Started Daily Cleanup of Temporary Directories.
[[0;32m  OK  [0m] Reached target Timers.
[   27.842442] cloud-init[918]: ci-info: +++++++++++++++++++++++++++Route IPv4 info++++++++++++++++++++++++++++
[   28.062469] [cloud-init[0;32m  OK  [0m[918]: ] ci-info: +-------+-------------+----------+---------------+-----------+-------+Listening on LXD - unix socket.

[[0;32m  OK  [0m] Listening on Socket activation for snappy daemon.
[[   28.063485] [0;32m  OK  [0mcloud-init] [918]: Started iSCSI initiator daemon (iscsid).ci-info: | Route | Destination | Gateway  |    Genmask    | Interface | Flags |

[   28.376753]          cloud-initStarting Login to default iSCSI targets...[918]: 
ci-info: +-------+-------------+----------+---------------+-----------+-------+
[   28.442490] [cloud-init[0;32m  OK  [0m[918]: ] ci-info: |   0   |   0.0.0.0   | 10.0.2.2 |    0.0.0.0    |   enp0s3  |   UG  |Reached target Sockets.

[   28.443470] [cloud-init[0;32m  OK  [0m[918]: ] ci-info: |   1   |   10.0.2.0  | 0.0.0.0  | 255.255.255.0 |   enp0s3  |   U   |Reached target Basic System.

[   28.501011] cloud-init[918]: ci-info: +-------+-------------+----------+---------------+-----------+-------+
[   28.508377] cloud-init[918]: ci-info: +++++++++++++++++++Route IPv6 info+++++++++++++++++++
[   28.563109] [cloud-init[0;32m  OK  [0m[918]: ] ci-info: +-------+-------------+---------+-----------+-------+Started FUSE filesystem for LXC.

[   28.563733] cloud-init[918]: ci-info: | Route | Destination | Gateway | Interface | Flags |
[   28.687154] cloud-init[918]: ci-info: +-------+-------------+---------+-----------+-------+
         Starting LSB: MD monitoring daemon...
[   28.688234] cloud-init[918]: ci-info: |   0   |  fe80::/64  |    ::   |   enp0s3  |   U   |
[   28.802824] [cloud-init[0;32m  OK  [0m[918]: ] ci-info: |   3   |   ff00::/8  |    ::   |   enp0s3  |   U   |Started D-Bus System Message Bus.

[   28.862430]          cloud-initStarting Virtualbox guest utils...[918]: 
ci-info: +-------+-------------+---------+-----------+-------+
         Starting Login Service...
[   28.943347] cloud-init[918]: Generating public/private rsa key pair.
[   28.996968]          cloud-initStarting LSB: Record successful boot for GRUB...[918]: 
Your identification has been saved in /etc/ssh/ssh_host_rsa_key.
[   29.132903]          cloud-initStarting /etc/rc.local Compatibility...[918]: 
Your public key has been saved in /etc/ssh/ssh_host_rsa_key.pub.
[   29.204463]          cloud-initStarting Accounts Service...[918]: 
The key fingerprint is:
[   29.229317] [cloud-init[0;32m  OK  [0m[918]: ] SHA256:zVvXjUg9sLyzkqQ+nKJj7y+I8QZx4NHuo5Hc2PvleDE root@ubuntu-xenialStarted Deferred execution scheduler.

[   29.230014] cloud-init[918]: The key's randomart image is:
[   29.329177]          cloud-initStarting Snappy daemon...[918]: 
+---[RSA 2048]----+
[   29.364529] [cloud-init[0;32m  OK  [0m[918]: ] |   .        .    |Started Regular background program processing daemon.

[   29.365382] cloud-init[918]: |  o .      . +   |
[   29.448863] [cloud-init[0;32m  OK  [0m[918]: ] | . +        + o  |Started ACPI event daemon.

[   29.449348] [cloud-init[0;32m  OK  [0m[918]: ] |  o o    o . o +.|Started Unattended Upgrades Shutdown.

[   29.553269]          cloud-initStarting Pollinate to seed the pseudo random number generator...[918]: 
| . O    S + = o o|
[   29.630409]          cloud-initStarting System Logging Service...[918]: 
|  B =   Eo + +   |
[   29.674385]          Starting LXD - container startup/shutdown...
cloud-init[918]: |   B + .o++ .    |
[   29.717948] [cloud-init[0;32m  OK  [0m[918]: ] |  o B o==  .     |Started Snappy daemon.

[   29.735625] [cloud-init[0;32m  OK  [0m[918]: ] |   o.*==+.       |Started System Logging Service.

[   29.736237] cloud-init[918]: +----[SHA256]-----+
[   29.818193] [[0;32m  OK  [0m] Started /etc/rc.local Compatibility.
cloud-init[918]: Generating public/private dsa key pair.
[   29.850379] [cloud-init[0;32m  OK  [0m[918]: ] Your identification has been saved in /etc/ssh/ssh_host_dsa_key.Started LXD - container startup/shutdown.

[   29.851032] cloud-init[918]: Your public key has been saved in /etc/ssh/ssh_host_dsa_key.pub.
[[0;32m  OK  [0m] Started Pollinate to seed the pseudo random number generator.
[   29.912959] cloud-init[918]: The key fingerprint is:
[   29.949921] cloud-init[918]: SHA256:WDfT+dAKAwyOSjU8JNcskaROmktIv2lwsLyfjuFJSgg root@ubuntu-xenial
[   29.972685] [cloud-init[0;32m  OK  [0m[918]: ] The key's randomart image is:Started Login to default iSCSI targets.

[   29.973232] cloud-init[918]: +---[DSA 1024]----+
[   30.020408] cloud-init[918]: |  .+B=.o.        |
[   30.034056] cloud-init[918]: |   ==+o .. . o   |
[   30.060822] cloud-init[918]: | o+ .o. . * + .  |
[   30.062450] cloud-init[918]: |+*+.   o . = +   |
[[0;32m  OK  [0m] Started LSB: MD monitoring daemon.
[   30.063015] cloud-init[918]: |E=oo  . S   . .  |
[   30.109771] cloud-init[918]: |+.+ o            |
[   30.148661] cloud-init[918]: |o= +             |
[[0;32m  OK  [0m] Started Virtualbox guest utils.
[   30.149618] cloud-init[918]: |= * .            |
[   30.220667] cloud-init[918]: |.+.+             |
[[0;32m  OK  [0m] Started LSB: Record successful boot for GRUB.
[   30.222978] cloud-init[918]: +----[SHA256]-----+
[   30.268276] cloud-init[918]: Generating public/private ecdsa key pair.
[   30.271097] cloud-init[918]: Your identification has been saved in /etc/ssh/ssh_host_ecdsa_key.
[   30.295468] cloud-init[918]: Your public key has been saved in /etc/ssh/ssh_host_ecdsa_key.pub.
[   30.320595] cloud-init[918]: The key fingerprint is:
[   30.334776] cloud-init[918]: SHA256:72AqDGfxgTcKiF4aJeewkDUM91ImJX7KYI/w9T6tPcg root@ubuntu-xenial
[   30.346619] cloud-init[918]: The key's randomart image is:
[[0;32m  OK  [0m] Started Login Service.
[   30.347729] cloud-init[918]: +---[ECDSA 256]---+
[   30.379835] cloud-init[918]: |.=*.+            |
[   30.401090]          Starting Authenticate and Authorize Users to Run Privileged Tasks...
[[0;32m  OK  [0m] Reached target Remote File Systems (Pre).
cloud-init[918]: |o=.X             |
[   30.407962] [cloud-init[0;32m  OK  [0m[918]: ] |=oX +.           |Reached target Remote File Systems.

[   30.409779] cloud-init[918]: |=*+Bo.+          |
         Starting LSB: Set the CPU Frequency Scaling governor to "ondemand"...
         Starting Permit User Sessions...
[   30.449449]          cloud-initStarting LSB: automatic crash report generation...[918]: 
|..Bo =.oS        |
[   30.506898]          Starting LSB: daemon to balance interrupts for SMP systems...
cloud-init[918]: | o. +... .       |
[   30.531308]          Starting OpenBSD Secure Shell server...
cloud-init         Starting Wait until snapd is fully seeded...
[[0;32m  OK  [0m] Started Permit User Sessions.
[[0;32m  OK  [0m] Started Authenticate and Authorize Users to Run Privileged Tasks.
[[0;32m  OK  [0m] Started Accounts Service.
[918]: |   = .o.+ .      |
[[0;32m  OK  [0m] Started OpenBSD Secure Shell server.
[   30.585975] cloud-init[918]: |    o E*.o       |
[   30.616934] [[0;32m  OK  [0m] Started LSB: Set the CPU Frequency Scaling governor to "ondemand".
cloud-init[918]: |     .o ...      |
[   30.638783] cloud-init[918]: +----[SHA256]-----+
[   30.648955] cloud-init[918]: Generating public/private ed25519 key pair.
[   30.676925] cloud-init[918]: Your identification has been saved in /etc/ssh/ssh_host_ed25519_key.
         Starting Hold until boot process finishes up...
[   30.696327]          Starting Terminate Plymouth Boot Screen...
cloud-init[918]: Your public key has been saved in /etc/ssh/ssh_host_ed25519_key.pub.
[[0;32m  OK  [0m] Started LSB: automatic crash report generation.
[[0;32m  OK  [0m] Started LSB: daemon to balance interrupts for SMP systems.
[   30.699872] cloud-init[918]: The key fingerprint is:
[   30.772131] [[0;32m  OK  [0m] Started Hold until boot process finishes up.
cloud-init[918]: SHA256:JgUjNDSAne8qGiD+qbofnvYjL1IA23gC4WIOYd9hdQ0 root@ubuntu-xenial
[   30.809144] [cloud-init[0;32m  OK  [0m[918]: ] The key's randomart image is:Started Terminate Plymouth Boot Screen.

[   30.810001] cloud-init[918]: +--[ED25519 256]--+
[   30.857705] [cloud-init[0;32m  OK  [0m[918]: ] |o=.=*o+. Eo      |Created slice User Slice of vagrant.

[   30.858099] cloud-init[918]: |*.+ o+.o.  .     |
[   30.993526] [cloud-init[0;32m  OK  [0m[918]: ] |=* o .  .        |Started Session 1 of user vagrant.

[   30.995249] cloud-init[918]: |X o .  .         |
[   31.089303]          cloud-initStarting User Manager for UID 1000...[918]: 
|o= .  . S        |
[   31.132825] [cloud-init[0;32m  OK  [0m[918]: ] |+ . .  o         |Started Getty on tty1.

[   31.134482] cloud-init[918]: |.o..             |
[   31.197816] [cloud-init[0;32m  OK  [0m[918]: ] |oo*oo            |Started Serial Getty on ttyS0.

[[0;32m  OK  [0m] Reached target Login Prompts.
[   31.200216] cloud-init[918]: |*B=Bo.           |
[   31.287075]          Starting Set console scheme...
[[0;32m  OK  [0m] Started User Manager for UID 1000.
cloud-init[918]: +----[SHA256]-----+
[[0;32m  OK  [0m] Started Set console scheme.
[[0;32m  OK  [0m] Started Wait until snapd is fully seeded.
         Starting Apply the settings specified in cloud-config...
[[0;32m  OK  [0m] Reached target Multi-User System.
[[0;32m  OK  [0m] Reached target Graphical Interface.
         Starting Update UTMP about System Runlevel Changes...
[[0;32m  OK  [0m] Started Update UTMP about System Runlevel Changes.
         Stopping User Manager for UID 1000...
[[0;32m  OK  [0m] Stopped User Manager for UID 1000.
[[0;32m  OK  [0m] Removed slice User Slice of vagrant.
[[0;32m  OK  [0m] Created slice User Slice of vagrant.
         Starting User Manager for UID 1000...
[[0;32m  OK  [0m] Started User Manager for UID 1000.
[[0;32m  OK  [0m] Started Session 2 of user vagrant.
[   33.278204] cloud-init[1427]: Generating locales (this might take a while)...
[   34.304628] cloud-init[1427]:   en_US.UTF-8... done
[   34.340566] cloud-init[1427]: Generation complete.
[   34.807484] cloud-init[1427]: Cloud-init v. 18.3-9-g2e62cb8a-0ubuntu1~16.04.2 running 'modules:config' at Wed, 31 Oct 2018 15:56:53 +0000. Up 33.12 seconds.
[[0;32m  OK  [0m] Started Apply the settings specified in cloud-config.
         Starting Execute cloud user/final scripts...
ci-info: no authorized ssh keys fingerprints found for user ubuntu.
<14>Oct 31 15:56:55 ec2: 
<14>Oct 31 15:56:55 ec2: #############################################################
<14>Oct 31 15:56:55 ec2: -----BEGIN SSH HOST KEY FINGERPRINTS-----
<14>Oct 31 15:56:55 ec2: 1024 SHA256:WDfT+dAKAwyOSjU8JNcskaROmktIv2lwsLyfjuFJSgg root@ubuntu-xenial (DSA)
<14>Oct 31 15:56:55 ec2: 256 SHA256:72AqDGfxgTcKiF4aJeewkDUM91ImJX7KYI/w9T6tPcg root@ubuntu-xenial (ECDSA)
<14>Oct 31 15:56:55 ec2: 256 SHA256:JgUjNDSAne8qGiD+qbofnvYjL1IA23gC4WIOYd9hdQ0 root@ubuntu-xenial (ED25519)
<14>Oct 31 15:56:55 ec2: 2048 SHA256:zVvXjUg9sLyzkqQ+nKJj7y+I8QZx4NHuo5Hc2PvleDE root@ubuntu-xenial (RSA)
<14>Oct 31 15:56:55 ec2: -----END SSH HOST KEY FINGERPRINTS-----
<14>Oct 31 15:56:55 ec2: #############################################################
-----BEGIN SSH HOST KEY KEYS-----
ecdsa-sha2-nistp256 AAAAE2VjZHNhLXNoYTItbmlzdHAyNTYAAAAIbmlzdHAyNTYAAABBBJo+G3U7cNd57RlqwtuFiSe1USiQN3jBOcBJPZmblpIp7Pk5IeAJk9Z+1mnkMKgS2FGeyTQICLpt3y09VStwQH8= root@ubuntu-xenial
ssh-ed25519 AAAAC3NzaC1lZDI1NTE5AAAAILtZTyZo9GSlf4VYBFQKhbp28jLKg1GCs0Z1qB0NK5WC root@ubuntu-xenial
ssh-rsa AAAAB3NzaC1yc2EAAAADAQABAAABAQDD2hkcgsrDIOdEhvk1l9/pq1ZD+HrXEv0I59Jw511cTw7rPz5g1TmAIgd1e/pH5mvZM6JGgIwBZ6vbxdwL2ugcYBO9C/ZzyXUHswfiO248+J3w5jCVoS2jCOQDuDTBtdSQI+Ig+T/zGxxN+hu7UKJ8mzwrCA74464xsL8fUYHfeCkLy2ze5RPYoEeN7Ycbf9rLY825x2HIHLEiSbd2l2xd308yICMESBDOW85LgmaXreWsBhAdABpeNx6uoR9uV4QsswQ4u+0lls9xWjHauJX6m3GB5oGWOChCe4v/ULKc+678P0m5mW4JzBVZh1VoGVIH1gaPkVrX2q2NZ2dIYE3V root@ubuntu-xenial
-----END SSH HOST KEY KEYS-----
[   36.250366] cloud-init[1638]: Cloud-init v. 18.3-9-g2e62cb8a-0ubuntu1~16.04.2 running 'modules:final' at Wed, 31 Oct 2018 15:56:55 +0000. Up 35.31 seconds.
[   36.324732] 
Ubuntu 16.04.5 LTS ubuntu-xenial ttyS0

ubuntu-xenial login: 